2013/09/14 21:56:00 [error] [exception.CException] exception 'CException' with message 'Property "SiteController.imageId" is not defined.' in /var/www/latest_yii/framework/base/CComponent.php:130
Stack trace:
#0 /var/www/upload/protected/controllers/SiteController.php(48): CComponent->__get('imageId')
#1 /var/www/latest_yii/framework/web/actions/CInlineAction.php(49): SiteController->actionIndex()
#2 /var/www/latest_yii/framework/web/CController.php(308): CInlineAction->runWithParams(Array)
#3 /var/www/latest_yii/framework/web/CController.php(286): CController->runAction(Object(CInlineAction))
#4 /var/www/latest_yii/framework/web/CController.php(265): CController->runActionWithFilters(Object(CInlineAction), Array)
#5 /var/www/latest_yii/framework/web/CWebApplication.php(282): CController->run('')
#6 /var/www/latest_yii/framework/web/CWebApplication.php(141): CWebApplication->runController('')
#7 /var/www/latest_yii/framework/base/CApplication.php(180): CWebApplication->processRequest()
#8 /var/www/upload/index.php(13): CApplication->run()
#9 {main}
REQUEST_URI=/
---
2013/09/14 21:58:57 [error] [php] Nem sikerult a kep konvertalasa! (/var/www/upload/protected/components/Converter.php:473)
Stack trace:
#0 /var/www/latest_yii/framework/web/actions/CInlineAction.php(49): SiteController->actionIndex()
#1 /var/www/latest_yii/framework/web/CController.php(308): CInlineAction->runWithParams()
#2 /var/www/latest_yii/framework/web/CController.php(286): SiteController->runAction()
#3 /var/www/latest_yii/framework/web/CController.php(265): SiteController->runActionWithFilters()
#4 /var/www/latest_yii/framework/web/CWebApplication.php(282): SiteController->run()
#5 /var/www/latest_yii/framework/web/CWebApplication.php(141): CWebApplication->runController()
#6 /var/www/latest_yii/framework/base/CApplication.php(180): CWebApplication->processRequest()
#7 /var/www/upload/index.php(13): CWebApplication->run()
REQUEST_URI=/
in /var/www/upload/protected/components/Converter.php (473)
in /var/www/upload/protected/controllers/SiteController.php (48)
in /var/www/upload/index.php (13)
2013/09/14 22:03:46 [error] [php] Nem sikerult a kep konvertalasa! (/var/www/upload/protected/components/Converter.php:474)
Stack trace:
#0 /var/www/latest_yii/framework/web/actions/CInlineAction.php(49): SiteController->actionIndex()
#1 /var/www/latest_yii/framework/web/CController.php(308): CInlineAction->runWithParams()
#2 /var/www/latest_yii/framework/web/CController.php(286): SiteController->runAction()
#3 /var/www/latest_yii/framework/web/CController.php(265): SiteController->runActionWithFilters()
#4 /var/www/latest_yii/framework/web/CWebApplication.php(282): SiteController->run()
#5 /var/www/latest_yii/framework/web/CWebApplication.php(141): CWebApplication->runController()
#6 /var/www/latest_yii/framework/base/CApplication.php(180): CWebApplication->processRequest()
#7 /var/www/upload/index.php(13): CWebApplication->run()
REQUEST_URI=/
in /var/www/upload/protected/components/Converter.php (474)
in /var/www/upload/protected/controllers/SiteController.php (48)
in /var/www/upload/index.php (13)
